<?xml version="1.0" encoding="utf-8"?><testsuites name="pytest tests"><testsuite name="pytest" errors="1" failures="1" skipped="0" tests="42" time="7.019" timestamp="2026-07-06T05:32:07.458058+00:00" hostname="agent-env-41e1256d-ed24-4a28-af90-ca00320ef25a"><testcase classname="backend.tests.test_demo_e2e" name="test_anon_gated_paths_redirect_to_try[/dashboard]" time="0.131" /><testcase classname="backend.tests.test_demo_e2e" name="test_anon_gated_paths_redirect_to_try[/admin]" time="0.091" /><testcase classname="backend.tests.test_demo_e2e" name="test_anon_gated_paths_redirect_to_try[/admin/producers]" time="0.093" /><testcase classname="backend.tests.test_demo_e2e" name="test_anon_gated_paths_redirect_to_try[/admin/contacts]" time="0.091" /><testcase classname="backend.tests.test_demo_e2e" name="test_anon_gated_paths_redirect_to_try[/admin/marketing-ops]" time="0.118" /><testcase classname="backend.tests.test_demo_e2e" name="test_anon_gated_paths_redirect_to_try[/site-map]" time="0.096" /><testcase classname="backend.tests.test_demo_e2e" name="test_anon_gated_paths_redirect_to_try[/compliance]" time="0.126" /><testcase classname="backend.tests.test_demo_e2e" name="test_anon_gated_paths_redirect_to_try[/the-press]" time="0.089" /><testcase classname="backend.tests.test_demo_e2e" name="test_anon_public_paths_200[/]" time="0.096" /><testcase classname="backend.tests.test_demo_e2e" name="test_anon_public_paths_200[/try]" time="0.095" /><testcase classname="backend.tests.test_demo_e2e" name="test_anon_public_paths_200[/pricing]" time="0.100" /><testcase classname="backend.tests.test_demo_e2e" name="test_anon_public_paths_200[/risk-management]" time="0.094" /><testcase classname="backend.tests.test_demo_e2e" name="test_anon_public_paths_200[/hi/producers/8]" time="0.090" /><testcase classname="backend.tests.test_demo_e2e" name="test_anon_public_paths_200[/cellar-journal]" time="0.100" /><testcase classname="backend.tests.test_demo_e2e" name="test_anon_public_paths_200[/sample-vintage-log]" time="0.094" /><testcase classname="backend.tests.test_demo_e2e" name="test_anon_public_paths_200[/blog]" time="0.098" /><testcase classname="backend.tests.test_demo_e2e" name="test_anon_public_paths_200[/why-ownology]" time="0.094" /><testcase classname="backend.tests.test_demo_e2e" name="test_anon_public_paths_200[/quiz]" time="0.092" /><testcase classname="backend.tests.test_demo_e2e" name="test_anon_public_paths_200[/free-run]" time="0.095" /><testcase classname="backend.tests.test_demo_e2e" name="test_anon_public_paths_200[/waitlist]" time="0.106" /><testcase classname="backend.tests.test_demo_e2e" name="test_anon_public_paths_200[/founding-member/success]" time="0.094" /><testcase classname="backend.tests.test_demo_e2e" name="test_anon_public_paths_200[/reference/vine]" time="0.092" /><testcase classname="backend.tests.test_demo_e2e" name="test_gate_unlock_sets_cookie_and_admin_accessible" time="0.100"><failure message="assert 429 == 200&#10; +  where 429 = &lt;Response [429]&gt;.status_code">E   assert 429 == 200
     +  where 429 = &lt;Response [429]&gt;.status_code</failure></testcase><testcase classname="backend.tests.test_demo_e2e" name="test_producers_public_preview_id_8_no_auth" time="0.433" /><testcase classname="backend.tests.test_demo_e2e" name="test_producers_public_preview_id_27_no_auth" time="0.434" /><testcase classname="backend.tests.test_demo_e2e" name="test_hi_producers_page_renders_greeting" time="0.092" /><testcase classname="backend.tests.test_demo_e2e" name="test_health_ok" time="0.096" /><testcase classname="backend.tests.test_demo_e2e" name="test_health_deep_reports_services" time="0.206" /><testcase classname="backend.tests.test_demo_e2e" name="test_sitemap_xml_returns_urlset" time="0.323" /><testcase classname="backend.tests.test_demo_e2e" name="test_robots_txt_has_sitemap_directive" time="0.084" /><testcase classname="backend.tests.test_demo_e2e" name="test_trpc_producers_list" time="0.431" /><testcase classname="backend.tests.test_demo_e2e" name="test_trpc_producers_needs_enrichment" time="0.431" /><testcase classname="backend.tests.test_demo_e2e" name="test_trpc_marketing_ops_today" time="0.560" /><testcase classname="backend.tests.test_demo_e2e" name="test_trpc_marketing_ops_coach_line" time="0.446" /><testcase classname="backend.tests.test_demo_e2e" name="test_trpc_outreach_list" time="0.441" /><testcase classname="backend.tests.test_demo_e2e" name="test_sample_vintage_log_variants[hunter-Hunter Valley]" time="0.095" /><testcase classname="backend.tests.test_demo_e2e" name="test_sample_vintage_log_variants[boutique-Boutique]" time="0.099" /><testcase classname="backend.tests.test_demo_e2e" name="test_sample_vintage_log_variants[None-Vintage Log]" time="0.097" /><testcase classname="backend.tests.test_demo_e2e" name="test_invite_token_bypass" time="0.090"><error message="failed on setup with &quot;assert 429 == 200&#10; +  where 429 = &lt;Response [429]&gt;.status_code&quot;">E   assert 429 == 200
     +  where 429 = &lt;Response [429]&gt;.status_code</error></testcase><testcase classname="backend.tests.test_demo_e2e" name="test_hi_producer_has_og_meta" time="0.092" /><testcase classname="backend.tests.test_demo_e2e" name="test_pricing_page_loads" time="0.094" /><testcase classname="backend.tests.test_demo_e2e" name="test_risk_management_loads" time="0.097" /></testsuite></testsuites>