<?xml version="1.0" encoding="utf-8"?><testsuites name="pytest tests"><testsuite name="pytest" errors="0" failures="1" skipped="0" tests="15" time="25.426" timestamp="2026-07-14T10:27:22.720397+00:00" hostname="agent-env-41e1256d-ed24-4a28-af90-ca00320ef25a"><testcase classname="test_feb2026_batch.TestCellarBookPdf" name="test_gate_cookie_200_pdf" time="1.122" /><testcase classname="test_feb2026_batch.TestCellarBookPdf" name="test_no_auth_401" time="0.138" /><testcase classname="test_feb2026_batch.TestCellarBookPdf" name="test_bad_batch_id_404" time="0.413" /><testcase classname="test_feb2026_batch.TestCellarBookPdf" name="test_missing_batch_id_400" time="0.058" /><testcase classname="test_feb2026_batch.TestAuditorPreviewLink" name="test_01_create_share_link" time="0.651" /><testcase classname="test_feb2026_batch.TestAuditorPreviewLink" name="test_02_fetch_url_no_cookies" time="0.759" /><testcase classname="test_feb2026_batch.TestAuditorPreviewLink" name="test_03_list_shows_view_count" time="0.530" /><testcase classname="test_feb2026_batch.TestAuditorPreviewLink" name="test_04_revoke_and_expect_410" time="1.236" /><testcase classname="test_feb2026_batch.TestAuditorPreviewLink" name="test_05_bogus_token_404" time="0.177" /><testcase classname="test_feb2026_batch.TestAskOwenCitations" name="test_so2_target_cites_boulton_and_iland_or_margalit" time="4.130" /><testcase classname="test_feb2026_batch.TestAskOwenCitations" name="test_protein_stability_cites_iland_or_awri" time="6.987" /><testcase classname="test_feb2026_batch.TestAskOwenCitations" name="test_stuck_ferment_cites_awri_and_named_bible" time="8.935"><failure message="AssertionError: no AWRI stuck fact-sheet: ['Boulton et al., Principles and Practices of Winemaking (1st edn (1996) / repr. 1999) — Ch. 3 Yeasts and Biochemistry of Ethanol Fermentation, pp 102–192', 'Ronald S. Jackson, Wine Science — Principles and Applications (5th edn, 2020) — Ch. 6 Fermentation and Post-Fermentation Treatments, pp 323–430', 'Zoecklein et al., Wine Analysis and Production (1st edn, 1995) — Ch. 8 Nitrogen Nutrition and Fermentation, pp 127–147']&#10;assert None&#10; +  where None = &lt;function search at 0xf8a05f47d6c0&gt;('awri fact sheet.*stuck', 'Boulton et al., Principles and Practices of Winemaking (1st edn (1996) / repr. 1999) — Ch. 3 Yeasts and Biochemistry ...Zoecklein et al., Wine Analysis and Production (1st edn, 1995) — Ch. 8 Nitrogen Nutrition and Fermentation, pp 127–147', re.IGNORECASE)&#10; +    where &lt;function search at 0xf8a05f47d6c0&gt; = re.search&#10; +    and   re.IGNORECASE = re.I">backend/tests/test_feb2026_batch.py:195: in test_stuck_ferment_cites_awri_and_named_bible
    assert re.search(r"awri fact sheet.*stuck", joined, re.I), f"no AWRI stuck fact-sheet: {titles}"
E   AssertionError: no AWRI stuck fact-sheet: ['Boulton et al., Principles and Practices of Winemaking (1st edn (1996) / repr. 1999) — Ch. 3 Yeasts and Biochemistry of Ethanol Fermentation, pp 102–192', 'Ronald S. Jackson, Wine Science — Principles and Applications (5th edn, 2020) — Ch. 6 Fermentation and Post-Fermentation Treatments, pp 323–430', 'Zoecklein et al., Wine Analysis and Production (1st edn, 1995) — Ch. 8 Nitrogen Nutrition and Fermentation, pp 127–147']
E   assert None
E    +  where None = &lt;function search at 0xf8a05f47d6c0&gt;('awri fact sheet.*stuck', 'Boulton et al., Principles and Practices of Winemaking (1st edn (1996) / repr. 1999) — Ch. 3 Yeasts and Biochemistry ...Zoecklein et al., Wine Analysis and Production (1st edn, 1995) — Ch. 8 Nitrogen Nutrition and Fermentation, pp 127–147', re.IGNORECASE)
E    +    where &lt;function search at 0xf8a05f47d6c0&gt; = re.search
E    +    and   re.IGNORECASE = re.I</failure></testcase><testcase classname="test_feb2026_batch.TestLegalPages" name="test_route_returns_html[/terms]" time="0.067" /><testcase classname="test_feb2026_batch.TestLegalPages" name="test_route_returns_html[/refund]" time="0.057" /><testcase classname="test_feb2026_batch.TestLegalPages" name="test_route_returns_html[/privacy]" time="0.057" /></testsuite></testsuites>