<?xml version="1.0" encoding="utf-8"?><testsuites name="pytest tests"><testsuite name="pytest" errors="0" failures="0" skipped="0" tests="15" time="20.712" timestamp="2026-07-14T10:39:46.220726+00:00" hostname="agent-env-41e1256d-ed24-4a28-af90-ca00320ef25a"><testcase classname="test_feb2026_batch.TestCellarBookPdf" name="test_gate_cookie_200_pdf" time="1.198" /><testcase classname="test_feb2026_batch.TestCellarBookPdf" name="test_no_auth_401" time="0.131" /><testcase classname="test_feb2026_batch.TestCellarBookPdf" name="test_bad_batch_id_404" time="0.411" /><testcase classname="test_feb2026_batch.TestCellarBookPdf" name="test_missing_batch_id_400" time="0.056" /><testcase classname="test_feb2026_batch.TestAuditorPreviewLink" name="test_01_create_share_link" time="0.662" /><testcase classname="test_feb2026_batch.TestAuditorPreviewLink" name="test_02_fetch_url_no_cookies" time="0.717" /><testcase classname="test_feb2026_batch.TestAuditorPreviewLink" name="test_03_list_shows_view_count" time="0.541" /><testcase classname="test_feb2026_batch.TestAuditorPreviewLink" name="test_04_revoke_and_expect_410" time="1.255" /><testcase classname="test_feb2026_batch.TestAuditorPreviewLink" name="test_05_bogus_token_404" time="0.178" /><testcase classname="test_feb2026_batch.TestAskOwenCitations" name="test_so2_target_cites_boulton_and_iland_or_margalit" time="4.233" /><testcase classname="test_feb2026_batch.TestAskOwenCitations" name="test_protein_stability_cites_iland_or_awri" time="5.685" /><testcase classname="test_feb2026_batch.TestAskOwenCitations" name="test_stuck_ferment_cites_awri_and_named_bible" time="5.339" /><testcase classname="test_feb2026_batch.TestLegalPages" name="test_route_returns_html[/terms]" time="0.061" /><testcase classname="test_feb2026_batch.TestLegalPages" name="test_route_returns_html[/refund]" time="0.087" /><testcase classname="test_feb2026_batch.TestLegalPages" name="test_route_returns_html[/privacy]" time="0.065" /></testsuite></testsuites>