<?xml version="1.0" encoding="utf-8"?><testsuites name="pytest tests"><testsuite name="pytest" errors="0" failures="1" skipped="0" tests="32" time="10.499" timestamp="2026-06-28T03:18:50.589402+00:00" hostname="agent-env-41e1256d-ed24-4a28-af90-ca00320ef25a"><testcase classname="backend.tests.test_refactor_regression.TestExtractedRouters" name="test_vintageLog_alerts" time="0.149" /><testcase classname="backend.tests.test_refactor_regression.TestExtractedRouters" name="test_knowledge_listSops" time="0.128" /><testcase classname="backend.tests.test_refactor_regression.TestExtractedRouters" name="test_wbsAdmin_listDomains" time="0.073" /><testcase classname="backend.tests.test_refactor_regression.TestExtractedRouters" name="test_tutor_ask_learning_loop" time="2.697" /><testcase classname="backend.tests.test_refactor_regression.TestNonExtractedRouters" name="test_dashboard_getStats" time="0.133"><failure message="AssertionError: {&quot;error&quot;:{&quot;json&quot;:{&quot;message&quot;:&quot;listVintageLogEntries is not defined&quot;,&quot;code&quot;:-32603,&quot;data&quot;:{&quot;code&quot;:&quot;INTERNAL_SERVER_ERROR&quot;,&quot;httpStatus&quot;:500,&quot;path&quot;:&quot;dashboard.getStats&quot;}}}}&#10;assert 500 == 200&#10; +  where 500 = &lt;Response [500]&gt;.status_code">E   AssertionError: {"error":{"json":{"message":"listVintageLogEntries is not defined","code":-32603,"data":{"code":"INTERNAL_SERVER_ERROR","httpStatus":500,"path":"dashboard.getStats"}}}}
    assert 500 == 200
     +  where 500 = &lt;Response [500]&gt;.status_code</failure></testcase><testcase classname="backend.tests.test_refactor_regression.TestNonExtractedRouters" name="test_cellarEquipment_list" time="0.067" /><testcase classname="backend.tests.test_refactor_regression.TestNonExtractedRouters" name="test_cellarTasks_list" time="0.066" /><testcase classname="backend.tests.test_refactor_regression.TestNonExtractedRouters" name="test_compliance_ask_mounted" time="2.620" /><testcase classname="backend.tests.test_refactor_regression.TestNonExtractedRouters" name="test_vineyard_listBlocks" time="0.065" /><testcase classname="backend.tests.test_refactor_regression.TestNonExtractedRouters" name="test_barrel_list" time="0.065" /><testcase classname="backend.tests.test_refactor_regression.TestNonExtractedRouters" name="test_vintageReminder_list" time="0.068" /><testcase classname="backend.tests.test_refactor_regression.TestAppRouterComposition" name="test_router_mounted[foundingMembers.list-GET-inp0]" time="0.064" /><testcase classname="backend.tests.test_refactor_regression.TestAppRouterComposition" name="test_router_mounted[orders.list-GET-inp1]" time="0.105" /><testcase classname="backend.tests.test_refactor_regression.TestAppRouterComposition" name="test_router_mounted[vintageLog.list-GET-inp2]" time="0.068" /><testcase classname="backend.tests.test_refactor_regression.TestAppRouterComposition" name="test_router_mounted[vintageReminder.list-GET-inp3]" time="0.066" /><testcase classname="backend.tests.test_refactor_regression.TestAppRouterComposition" name="test_router_mounted[wineBatch.list-GET-inp4]" time="0.066" /><testcase classname="backend.tests.test_refactor_regression.TestAppRouterComposition" name="test_router_mounted[leads.list-GET-inp5]" time="0.065" /><testcase classname="backend.tests.test_refactor_regression.TestAppRouterComposition" name="test_router_mounted[siteContent.getAll-GET-inp6]" time="0.063" /><testcase classname="backend.tests.test_refactor_regression.TestAppRouterComposition" name="test_router_mounted[cellarEquipment.list-GET-inp7]" time="0.066" /><testcase classname="backend.tests.test_refactor_regression.TestAppRouterComposition" name="test_router_mounted[cellarTasks.list-GET-inp8]" time="0.068" /><testcase classname="backend.tests.test_refactor_regression.TestAppRouterComposition" name="test_router_mounted[dashboard.getStats-GET-None]" time="0.067" /><testcase classname="backend.tests.test_refactor_regression.TestAppRouterComposition" name="test_router_mounted[barrel.list-GET-inp10]" time="0.068" /><testcase classname="backend.tests.test_refactor_regression.TestAppRouterComposition" name="test_router_mounted[packaging.list-GET-inp11]" time="0.067" /><testcase classname="backend.tests.test_refactor_regression.TestAppRouterComposition" name="test_router_mounted[vineyard.listBlocks-GET-inp12]" time="0.068" /><testcase classname="backend.tests.test_refactor_regression.TestAppRouterComposition" name="test_router_mounted[knowledge.listSops-GET-inp13]" time="0.085" /><testcase classname="backend.tests.test_refactor_regression.TestAppRouterComposition" name="test_router_mounted[vintageIntelligence.list-GET-inp14]" time="0.066" /><testcase classname="backend.tests.test_refactor_regression.TestAppRouterComposition" name="test_router_mounted[wbsAdmin.listDomains-GET-None]" time="0.075" /><testcase classname="backend.tests.test_refactor_regression.TestAppRouterComposition" name="test_router_mounted[freeRun.status-GET-None]" time="0.066" /><testcase classname="backend.tests.test_refactor_regression.TestAppRouterComposition" name="test_router_mounted[cellarJournal.list-GET-inp17]" time="0.068" /><testcase classname="backend.tests.test_refactor_regression.TestLearningLoopTank9" name="test_tutor_references_tank9" time="2.886" /><testcase classname="backend.tests.test_refactor_regression.TestCellarJournalSEO" name="test_sitemap_xml" time="0.064" /><testcase classname="backend.tests.test_refactor_regression.TestCellarJournalSEO" name="test_rss_xml" time="0.064" /></testsuite></testsuites>