<?xml version="1.0" encoding="utf-8"?><testsuites name="pytest tests"><testsuite name="pytest" errors="0" failures="0" skipped="0" tests="5" time="52.109" timestamp="2026-06-28T07:26:39.381929+00:00" hostname="agent-env-41e1256d-ed24-4a28-af90-ca00320ef25a"><testcase classname="backend.tests.test_freerun_paused_funnel.TestNormalFlow" name="test_normal_call_returns_real_answer_and_bumps_quota" time="13.077" /><testcase classname="backend.tests.test_freerun_paused_funnel.TestPausedFlow" name="test_first_call_real_then_subsequent_paused" time="12.660" /><testcase classname="backend.tests.test_freerun_paused_funnel.TestPausedFlow" name="test_multiple_paused_calls_do_not_bump_quota" time="1.336" /><testcase classname="backend.tests.test_freerun_paused_funnel.TestPausedFlow" name="test_journal_not_persisted_on_paused_calls" time="3.752" /><testcase classname="backend.tests.test_freerun_paused_funnel.TestCleanupRestoresNormalFlow" name="test_restored_budget_returns_real_answer" time="21.200" /></testsuite></testsuites>