<?xml version="1.0" encoding="utf-8"?><testsuites name="pytest tests"><testsuite name="pytest" errors="0" failures="1" skipped="0" tests="17" time="22.615" timestamp="2026-07-07T06:09:31.364401+00:00" hostname="agent-env-41e1256d-ed24-4a28-af90-ca00320ef25a"><testcase classname="backend.tests.test_members_command_center.TestSummary" name="test_summary_shape" time="1.081" /><testcase classname="backend.tests.test_members_command_center.TestList" name="test_list_default_returns_members_and_total" time="0.574" /><testcase classname="backend.tests.test_members_command_center.TestList" name="test_list_filter_tier_trial" time="0.574" /><testcase classname="backend.tests.test_members_command_center.TestMemberLifecycle" name="test_01_detail_returns_invite_activity_audit" time="1.202" /><testcase classname="backend.tests.test_members_command_center.TestMemberLifecycle" name="test_02_extend_trial_bumps_expiry" time="1.380" /><testcase classname="backend.tests.test_members_command_center.TestMemberLifecycle" name="test_03_pause_and_resume" time="2.674" /><testcase classname="backend.tests.test_members_command_center.TestMemberLifecycle" name="test_04_update_note_persists" time="1.556" /><testcase classname="backend.tests.test_members_command_center.TestMemberLifecycle" name="test_05_advance_tier_to_member_clears_expiry" time="1.436" /><testcase classname="backend.tests.test_members_command_center.TestMemberLifecycle" name="test_06_reissue_link_revokes_old_creates_new" time="1.439" /><testcase classname="backend.tests.test_members_command_center.TestMemberLifecycle" name="test_07_revoke_new_invite" time="1.336" /><testcase classname="backend.tests.test_members_command_center.TestSignalBeacons" name="test_signal_onboarding_complete" time="0.439" /><testcase classname="backend.tests.test_members_command_center.TestSignalBeacons" name="test_signal_cellar_brief_open" time="0.429" /><testcase classname="backend.tests.test_members_command_center.TestInstrumentation" name="test_bulksave_writes_member_activity" time="0.561" /><testcase classname="backend.tests.test_members_command_center.TestInstrumentation" name="test_tutor_ask_writes_ask_owen_question" time="5.894" /><testcase classname="backend.tests.test_members_command_center.TestEmailHoneypot" name="test_honeypot_returns_ok_but_discards" time="0.340" /><testcase classname="backend.tests.test_members_command_center.TestEmailHoneypot" name="test_honeypot_empty_string_passes_through" time="0.550" /><testcase classname="backend.tests.test_members_command_center.TestGateTierEnforcement" name="test_trial_cookie_allows_import_blocks_admin" time="0.986"><failure message="AssertionError: /admin should redirect trial user, got 200&#10;assert 200 in (302, 303, 307)&#10; +  where 200 = &lt;Response [200]&gt;.status_code">backend/tests/test_members_command_center.py:299: in test_trial_cookie_allows_import_blocks_admin
    assert r_admin.status_code in (302, 303, 307), \
E   AssertionError: /admin should redirect trial user, got 200
E   assert 200 in (302, 303, 307)
E    +  where 200 = &lt;Response [200]&gt;.status_code</failure></testcase></testsuite></testsuites>