<?xml version="1.0" encoding="utf-8"?><testsuites name="pytest tests"><testsuite name="pytest" errors="0" failures="1" skipped="0" tests="20" time="10.202" timestamp="2026-07-02T06:33:34.878094+00:00" hostname="agent-env-41e1256d-ed24-4a28-af90-ca00320ef25a"><testcase classname="backend.tests.test_launch_readiness.TestHealth" name="test_health" time="0.226" /><testcase classname="backend.tests.test_launch_readiness.TestFoundingReservation" name="test_get_reservation_count_public" time="0.280" /><testcase classname="backend.tests.test_launch_readiness.TestFoundingReservation" name="test_reserve_slot_press_monthly_persists" time="1.418" /><testcase classname="backend.tests.test_launch_readiness.TestFoundingReservation" name="test_reserve_invalid_email_rejected" time="0.187" /><testcase classname="backend.tests.test_launch_readiness.TestFoundingReservation" name="test_reserve_missing_name_rejected" time="1.242" /><testcase classname="backend.tests.test_launch_readiness.TestFoundingReservation" name="test_reserve_missing_winery_rejected" time="0.249" /><testcase classname="backend.tests.test_launch_readiness.TestFoundingReservation" name="test_reserve_all_tiers" time="3.638" /><testcase classname="backend.tests.test_launch_readiness.TestFoundingReservation" name="test_list_reservations_owner_only" time="0.232" /><testcase classname="backend.tests.test_launch_readiness.TestDevBypassToggle" name="test_get_state" time="0.188" /><testcase classname="backend.tests.test_launch_readiness.TestDevBypassToggle" name="test_enable_runtime_bypass" time="0.378" /><testcase classname="backend.tests.test_launch_readiness.TestDevBypassToggle" name="test_disable_runtime_bypass" time="0.182" /><testcase classname="backend.tests.test_launch_readiness.TestDevBypassToggle" name="test_setDevBypass_minutes_cap" time="0.185" /><testcase classname="backend.tests.test_launch_readiness.TestSEO" name="test_sitemap_xml" time="0.202" /><testcase classname="backend.tests.test_launch_readiness.TestSEO" name="test_cellar_journal_rss" time="0.197" /><testcase classname="backend.tests.test_launch_readiness.TestSEO" name="test_robots_txt" time="0.101" /><testcase classname="backend.tests.test_launch_readiness.TestLIPAuditPack" name="test_pdf_content" time="0.329" /><testcase classname="backend.tests.test_launch_readiness.TestLIPAuditPack" name="test_pdf_invalid_vintage" time="0.184" /><testcase classname="backend.tests.test_launch_readiness.TestNotFound" name="test_api_404_json" time="0.098"><failure message="assert 200 == 404&#10; +  where 200 = &lt;Response [200]&gt;.status_code">backend/tests/test_launch_readiness.py:205: in test_api_404_json
    assert r.status_code == 404
E   assert 200 == 404
E    +  where 200 = &lt;Response [200]&gt;.status_code</failure></testcase><testcase classname="backend.tests.test_launch_readiness.TestNotFound" name="test_spa_fallback" time="0.195" /><testcase classname="backend.tests.test_launch_readiness.TestJoin" name="test_referrals_track_click" time="0.196" /></testsuite></testsuites>