<?xml version="1.0" encoding="utf-8"?><testsuites name="pytest tests"><testsuite name="pytest" errors="0" failures="0" skipped="0" tests="11" time="3.358" timestamp="2026-07-01T00:41:49.953695+00:00" hostname="agent-env-41e1256d-ed24-4a28-af90-ca00320ef25a"><testcase classname="backend.tests.test_iter19_sparkling" name="test_tank20_sparkling_classification" time="0.763" /><testcase classname="backend.tests.test_iter19_sparkling" name="test_tank20_ghost_question_sparkling" time="0.000" /><testcase classname="backend.tests.test_iter19_sparkling" name="test_tank2_chardonnay_still_white_not_sparkling" time="0.000" /><testcase classname="backend.tests.test_iter19_sparkling" name="test_still_red_shiraz_regression" time="0.000" /><testcase classname="backend.tests.test_iter19_sparkling" name="test_sparkling_journal_total" time="0.575" /><testcase classname="backend.tests.test_iter19_sparkling" name="test_sparkling_journal_row_shape" time="0.000" /><testcase classname="backend.tests.test_iter19_sparkling" name="test_sparkling_journal_tasmania_mentions" time="0.000" /><testcase classname="backend.tests.test_iter19_sparkling" name="test_sparkling_journal_entry_source_ghost_seed" time="0.568" /><testcase classname="backend.tests.test_iter19_sparkling" name="test_sitemap_grows_with_sparkling" time="0.227" /><testcase classname="backend.tests.test_iter19_sparkling" name="test_sitemap_sparkling_slug_resolvable" time="0.563" /><testcase classname="backend.tests.test_iter19_sparkling" name="test_iter18_journal_still_works" time="0.582" /></testsuite></testsuites>