<?xml version="1.0" encoding="utf-8"?><testsuites name="pytest tests"><testsuite name="pytest" errors="0" failures="0" skipped="0" tests="8" time="27.064" timestamp="2026-06-28T06:03:20.957536+00:00" hostname="agent-env-41e1256d-ed24-4a28-af90-ca00320ef25a"><testcase classname="backend.tests.test_daily_budget.TestDailyBudgetStatsShape" name="test_llm_stats_has_daily_object" time="0.253" /><testcase classname="backend.tests.test_daily_budget.TestResetLlmStatsAlsoResetsDaily" name="test_reset_llm_stats_zeroes_daily_spend" time="0.214" /><testcase classname="backend.tests.test_daily_budget.TestResetDailyBudgetMutation" name="test_reset_daily_budget_returns_ok_with_datekey" time="0.111" /><testcase classname="backend.tests.test_daily_budget.TestResetDailyBudgetMutation" name="test_reset_daily_budget_clears_spend" time="0.224" /><testcase classname="backend.tests.test_daily_budget.TestNormalLlmCallAccumulatesUnderBudget" name="test_one_call_accumulates_small_spend" time="5.090" /><testcase classname="backend.tests.test_daily_budget.TestBudgetEnforcement" name="test_synthetic_paused_response_after_threshold" time="12.523" /><testcase classname="backend.tests.test_daily_budget.TestBudgetEnforcement" name="test_reset_daily_budget_unpauses" time="8.389" /><testcase classname="backend.tests.test_daily_budget.TestPostRestoreBudgetIsTen" name="test_budget_restored_to_ten" time="0.179" /></testsuite></testsuites>