<?xml version="1.0" encoding="utf-8"?><testsuites name="pytest tests"><testsuite name="pytest" errors="0" failures="0" skipped="0" tests="11" time="40.375" timestamp="2026-06-28T07:06:38.405873+00:00" hostname="agent-env-41e1256d-ed24-4a28-af90-ca00320ef25a"><testcase classname="backend.tests.test_tiered_budget.TestTieredStatsShape" name="test_tiers_object_has_three_keys" time="0.190" /><testcase classname="backend.tests.test_tiered_budget.TestTieredStatsShape" name="test_each_tier_has_correct_shape" time="0.097" /><testcase classname="backend.tests.test_tiered_budget.TestTieredStatsShape" name="test_env_budgets_reflected_correctly" time="0.108" /><testcase classname="backend.tests.test_tiered_budget.TestResetClearsTierBuckets" name="test_reset_llm_stats_zeros_all_tiers" time="0.200" /><testcase classname="backend.tests.test_tiered_budget.TestResetClearsTierBuckets" name="test_reset_daily_budget_zeros_all_tiers_and_overall" time="0.265" /><testcase classname="backend.tests.test_tiered_budget.TestSourceClassification" name="test_premium_call_accumulates_to_premium_tier" time="5.541" /><testcase classname="backend.tests.test_tiered_budget.TestSourceClassification" name="test_free_curiosity_accumulates_to_free_tier" time="6.003" /><testcase classname="backend.tests.test_tiered_budget.TestSourceClassification" name="test_system_tier_can_accumulate" time="0.096" /><testcase classname="backend.tests.test_tiered_budget.TestTierPauseSemantics" name="test_free_pause_does_not_block_premium" time="14.754" /><testcase classname="backend.tests.test_tiered_budget.TestOverallPauseAffectsSystem" name="test_overall_cap_pauses_everything" time="12.928" /><testcase classname="backend.tests.test_tiered_budget.TestPostRestoreEnvIsCorrect" name="test_env_restored_to_spec" time="0.101" /></testsuite></testsuites>