<?xml version="1.0" encoding="utf-8"?><testsuites name="pytest tests"><testsuite name="pytest" errors="0" failures="0" skipped="1" tests="9" time="9.930" timestamp="2026-06-28T02:54:49.297666+00:00" hostname="agent-env-41e1256d-ed24-4a28-af90-ca00320ef25a"><testcase classname="backend.tests.test_alerts_reasoning.TestAlertsEngine" name="test_alerts_endpoint_returns_actionable_alerts" time="0.152" /><testcase classname="backend.tests.test_alerts_reasoning.TestAlertsEngine" name="test_alerts_sorted_by_severity_high_first" time="0.070" /><testcase classname="backend.tests.test_alerts_reasoning.TestReasoningRoundTrip" name="test_add_entry_with_reasoning_and_verify_via_list" time="0.156" /><testcase classname="backend.tests.test_alerts_reasoning.TestReasoningRoundTrip" name="test_cleanup_delete_test_entry" time="0.071" /><testcase classname="backend.tests.test_alerts_reasoning.TestTutorSurfaceReasoning" name="test_seed_entry_then_tutor_cites_it" time="2.999" /><testcase classname="backend.tests.test_alerts_reasoning.TestTutorSurfaceReasoning" name="test_cleanup_seeded_entry" time="0.000"><skipped type="pytest.skip" message="no id to delete">/app/backend/tests/test_alerts_reasoning.py:249: no id to delete</skipped></testcase><testcase classname="backend.tests.test_alerts_reasoning.TestLearningLoopRegression" name="test_tutor_cites_tank7_shiraz_history" time="3.285" /><testcase classname="backend.tests.test_alerts_reasoning.TestHomeWinemakerIsolation" name="test_home_winemaker_no_commercial_tank_refs" time="3.063" /><testcase classname="backend.tests.test_alerts_reasoning.TestVintageLogListGrowth" name="test_list_returns_at_least_25_entries" time="0.076" /></testsuite></testsuites>