<?xml version="1.0" encoding="utf-8"?><testsuites name="pytest tests"><testsuite name="pytest" errors="0" failures="0" skipped="0" tests="10" time="2.311" timestamp="2026-07-01T01:04:10.439401+00:00" hostname="agent-env-41e1256d-ed24-4a28-af90-ca00320ef25a"><testcase classname="backend.tests.test_iter20_morewine_content" name="test_morewine_source_docs_present" time="0.853" /><testcase classname="backend.tests.test_iter20_morewine_content" name="test_morew_white_outline_removed" time="0.113" /><testcase classname="backend.tests.test_iter20_morewine_content" name="test_sparkling_chunks_wbs_tags" time="0.113" /><testcase classname="backend.tests.test_iter20_morewine_content" name="test_sparkling_content_has_real_protocol_numbers" time="0.113" /><testcase classname="backend.tests.test_iter20_morewine_content" name="test_tank20_sparkling_grounding_has_sparkling_protocol" time="0.614" /><testcase classname="backend.tests.test_iter20_morewine_content" name="test_white_chardonnay_grounding_has_white_bible" time="0.000" /><testcase classname="backend.tests.test_iter20_morewine_content" name="test_red_variety_cards_no_sparkling_leakage" time="0.000" /><testcase classname="backend.tests.test_iter20_morewine_content" name="test_journal_row_count" time="0.114" /><testcase classname="backend.tests.test_iter20_morewine_content" name="test_sitemap_locs" time="0.313" /><testcase classname="backend.tests.test_iter20_morewine_content" name="test_tank20_ghost_still_routes_sparkling" time="0.001" /></testsuite></testsuites>