<?xml version="1.0" encoding="utf-8"?><testsuites name="pytest tests"><testsuite name="pytest" errors="0" failures="1" skipped="0" tests="5" time="4.558" timestamp="2026-07-07T03:52:06.966719+00:00" hostname="agent-env-41e1256d-ed24-4a28-af90-ca00320ef25a"><testcase classname="backend.tests.test_bulk_import.TestBulkSaveBulkSource" name="test_bulk_save_bulk_source" time="0.655" /><testcase classname="backend.tests.test_bulk_import.TestBulkSaveBulkSource" name="test_bulk_save_multi_entries" time="0.784" /><testcase classname="backend.tests.test_bulk_import.TestBulkSaveBulkSource" name="test_bulk_save_rejects_unknown_source" time="0.372" /><testcase classname="backend.tests.test_bulk_import.TestBulkSaveBulkSource" name="test_bulk_save_still_accepts_legacy_sources" time="2.256" /><testcase classname="backend.tests.test_bulk_import.TestParseFromTextRegression" name="test_parse_from_text_extracts" time="0.328"><failure message="AssertionError: HTTP 400: {&quot;error&quot;:{&quot;json&quot;:{&quot;message&quot;:&quot;[\n  {\n    \&quot;expected\&quot;: \&quot;string\&quot;,\n    \&quot;code\&quot;: \&quot;invalid_type\&quot;,\n    \&quot;path\&quot;: [\n      \&quot;rawText\&quot;\n    ],\n    \&quot;message\&quot;: \&quot;Invalid input: expected string, received undefined\&quot;\n  }\n]&quot;,&quot;code&quot;:-32600,&quot;data&quot;:{&quot;code&quot;:&quot;BAD_REQUEST&quot;,&quot;httpStatus&quot;:400,&quot;stack&quot;:&quot;TRPCError: [\n  {\n    \&quot;expected\&quot;: \&quot;string\&quot;,\n    \&quot;code\&quot;: \&quot;invalid_type\&quot;,\n    \&quot;path\&quot;: [\n     &#10;assert 400 == 200&#10; +  where 400 = &lt;Response [400]&gt;.status_code">backend/tests/test_bulk_import.py:107: in test_parse_from_text_extracts
    assert r.status_code == 200, f"HTTP {r.status_code}: {r.text[:400]}"
E   AssertionError: HTTP 400: {"error":{"json":{"message":"[\n  {\n    \"expected\": \"string\",\n    \"code\": \"invalid_type\",\n    \"path\": [\n      \"rawText\"\n    ],\n    \"message\": \"Invalid input: expected string, received undefined\"\n  }\n]","code":-32600,"data":{"code":"BAD_REQUEST","httpStatus":400,"stack":"TRPCError: [\n  {\n    \"expected\": \"string\",\n    \"code\": \"invalid_type\",\n    \"path\": [\n     
E   assert 400 == 200
E    +  where 400 = &lt;Response [400]&gt;.status_code</failure></testcase></testsuite></testsuites>