<?xml version="1.0" encoding="utf-8"?><testsuites name="pytest tests"><testsuite name="pytest" errors="0" failures="0" skipped="0" tests="15" time="3.412" timestamp="2026-06-28T05:12:13.442422+00:00" hostname="agent-env-41e1256d-ed24-4a28-af90-ca00320ef25a"><testcase classname="backend.tests.test_batch2_features.TestAuditTrailPdf" name="test_pdf_default_days" time="0.475" /><testcase classname="backend.tests.test_batch2_features.TestAuditTrailPdf" name="test_pdf_small_days_window" time="0.354" /><testcase classname="backend.tests.test_batch2_features.TestAuditTrailPdf" name="test_pdf_contains_filename_with_date" time="0.363" /><testcase classname="backend.tests.test_batch2_features.TestVintageLogList" name="test_list_returns_rows" time="0.364" /><testcase classname="backend.tests.test_batch2_features.TestVintageLogList" name="test_list_has_required_fields_for_qr" time="0.344" /><testcase classname="backend.tests.test_batch2_features.TestVintageLogList" name="test_list_unique_tanks_count" time="0.353" /><testcase classname="backend.tests.test_batch2_features.TestAdminLlmStats" name="test_stats_shape" time="0.095" /><testcase classname="backend.tests.test_batch2_features" name="test_frontend_routes_load[/]" time="0.093" /><testcase classname="backend.tests.test_batch2_features" name="test_frontend_routes_load[/free-run]" time="0.109" /><testcase classname="backend.tests.test_batch2_features" name="test_frontend_routes_load[/the-press]" time="0.119" /><testcase classname="backend.tests.test_batch2_features" name="test_frontend_routes_load[/dashboard]" time="0.101" /><testcase classname="backend.tests.test_batch2_features" name="test_frontend_routes_load[/cellar-journal]" time="0.105" /><testcase classname="backend.tests.test_batch2_features" name="test_frontend_routes_load[/stats]" time="0.156" /><testcase classname="backend.tests.test_batch2_features" name="test_frontend_routes_load[/tank-qr]" time="0.106" /><testcase classname="backend.tests.test_batch2_features" name="test_frontend_routes_load[/compliance]" time="0.107" /></testsuite></testsuites>