<?xml version="1.0" encoding="utf-8"?><testsuites name="pytest tests"><testsuite name="pytest" errors="0" failures="0" skipped="0" tests="10" time="7.359" timestamp="2026-06-28T05:51:51.442440+00:00" hostname="agent-env-41e1256d-ed24-4a28-af90-ca00320ef25a"><testcase classname="backend.tests.test_p1_features.TestDailyAlertEmailCron" name="test_dry_run_returns_alerts" time="0.366" /><testcase classname="backend.tests.test_p1_features.TestDailyAlertEmailCron" name="test_dry_run_recipient_uses_alert_test_to" time="0.282" /><testcase classname="backend.tests.test_p1_features.TestDailyAlertEmailCron" name="test_live_send_returns_resend_id" time="0.442" /><testcase classname="backend.tests.test_p1_features.TestAdminResetFreeRunQuota" name="test_reset_all_scope" time="0.168" /><testcase classname="backend.tests.test_p1_features.TestAdminResetFreeRunQuota" name="test_reset_user_scope" time="0.162" /><testcase classname="backend.tests.test_p1_features.TestAdminResetFreeRunQuota" name="test_quota_actually_reset_allows_new_freerun" time="3.847" /><testcase classname="backend.tests.test_p1_features.TestCompareTanks" name="test_compare_tank7_tank9_returns_expected_fields" time="0.291" /><testcase classname="backend.tests.test_p1_features.TestCompareTanks" name="test_compare_includes_required_keys" time="0.283" /><testcase classname="backend.tests.test_p1_features.TestAlertsRefactor" name="test_alerts_still_returns_5" time="0.283" /><testcase classname="backend.tests.test_p1_features.TestLlmMeterRegression" name="test_cron_does_not_increment_llm_calls" time="0.659" /></testsuite></testsuites>