<?xml version="1.0" encoding="utf-8"?><testsuites name="pytest tests"><testsuite name="pytest" errors="0" failures="0" skipped="0" tests="8" time="4.309" timestamp="2026-06-30T23:08:48.217030+00:00" hostname="agent-env-41e1256d-ed24-4a28-af90-ca00320ef25a"><testcase classname="backend.tests.test_cellar_brief.TestCellarBriefLatest" name="test_latest_returns_200_and_structure" time="0.492" /><testcase classname="backend.tests.test_cellar_brief.TestCellarBriefLatest" name="test_latest_tank3_shiraz_is_attention_with_stuck_ferment" time="0.479" /><testcase classname="backend.tests.test_cellar_brief.TestCellarBriefLatest" name="test_latest_tank1_shiraz_is_primary_active" time="0.438" /><testcase classname="backend.tests.test_cellar_brief.TestCellarBriefLatest" name="test_latest_tank2_chardonnay_primary_active" time="0.459" /><testcase classname="backend.tests.test_cellar_brief.TestCellarBriefLatest" name="test_latest_tank4_pinot_noir_mlf_active" time="0.450" /><testcase classname="backend.tests.test_cellar_brief.TestCellarBriefLatest" name="test_latest_cards_sorted_attention_first" time="0.448" /><testcase classname="backend.tests.test_cellar_brief.TestGenerateNow" name="test_generate_now_manual_returns_id_and_summary" time="0.923" /><testcase classname="backend.tests.test_cellar_brief.TestHistory" name="test_history_limit_5" time="0.448" /></testsuite></testsuites>