<?xml version="1.0" encoding="utf-8"?><testsuites name="pytest tests"><testsuite name="pytest" errors="0" failures="0" skipped="0" tests="16" time="91.342" timestamp="2026-06-28T07:07:25.165954+00:00" hostname="agent-env-41e1256d-ed24-4a28-af90-ca00320ef25a"><testcase classname="backend.tests.test_daily_budget.TestDailyBudgetStatsShape" name="test_llm_stats_has_daily_object" time="0.142" /><testcase classname="backend.tests.test_daily_budget.TestResetLlmStatsAlsoResetsDaily" name="test_reset_llm_stats_zeroes_daily_spend" time="0.206" /><testcase classname="backend.tests.test_daily_budget.TestResetDailyBudgetMutation" name="test_reset_daily_budget_returns_ok_with_datekey" time="0.096" /><testcase classname="backend.tests.test_daily_budget.TestResetDailyBudgetMutation" name="test_reset_daily_budget_clears_spend" time="0.195" /><testcase classname="backend.tests.test_daily_budget.TestNormalLlmCallAccumulatesUnderBudget" name="test_one_call_accumulates_small_spend" time="4.828" /><testcase classname="backend.tests.test_daily_budget.TestBudgetEnforcement" name="test_synthetic_paused_response_after_threshold" time="11.738" /><testcase classname="backend.tests.test_daily_budget.TestBudgetEnforcement" name="test_reset_daily_budget_unpauses" time="5.388" /><testcase classname="backend.tests.test_daily_budget.TestPostRestoreBudgetIsTen" name="test_budget_restored_to_ten" time="0.090" /><testcase classname="backend.tests.test_llm_cost_meter" name="test_reset_zeros_everything" time="6.715" /><testcase classname="backend.tests.test_llm_cost_meter" name="test_curiosity_ask_meters_with_named_sources" time="13.647" /><testcase classname="backend.tests.test_llm_cost_meter" name="test_tutor_ask_produces_direct_source_tag" time="7.488" /><testcase classname="backend.tests.test_llm_cost_meter" name="test_by_model_breakdown_consistent" time="9.939" /><testcase classname="backend.tests.test_llm_cost_meter" name="test_no_nan_or_infinity" time="3.531" /><testcase classname="backend.tests.test_llm_cost_meter" name="test_regression_answer_quality" time="4.769" /><testcase classname="backend.tests.test_llm_cost_meter" name="test_concurrency_meter_thread_safe" time="9.654" /><testcase classname="backend.tests.test_llm_cost_meter" name="test_source_sums_match_totals" time="12.845" /></testsuite></testsuites>