<?xml version="1.0" encoding="utf-8"?><testsuites name="pytest tests"><testsuite name="pytest" errors="0" failures="0" skipped="0" tests="11" time="11.951" timestamp="2026-06-28T23:57:50.030645+00:00" hostname="agent-env-41e1256d-ed24-4a28-af90-ca00320ef25a"><testcase classname="backend.tests.test_pipeline_iter14.TestCalendlyDefault" name="test_bySlug_returns_new_meeting_url" time="0.315" /><testcase classname="backend.tests.test_pipeline_iter14.TestListRepliedAtField" name="test_repliedAt_field_present_on_every_row" time="0.220" /><testcase classname="backend.tests.test_pipeline_iter14.TestSetPipelineStage" name="test_stage_lead_clears_all_timestamps" time="1.345" /><testcase classname="backend.tests.test_pipeline_iter14.TestSetPipelineStage" name="test_stage_sent_stamps_smsSentAt_only" time="0.969" /><testcase classname="backend.tests.test_pipeline_iter14.TestSetPipelineStage" name="test_stage_awaiting_same_state_as_sent" time="0.971" /><testcase classname="backend.tests.test_pipeline_iter14.TestSetPipelineStage" name="test_stage_replied_stamps_sms_and_replied" time="0.965" /><testcase classname="backend.tests.test_pipeline_iter14.TestSetPipelineStage" name="test_stage_booked_stamps_sms_and_booked" time="1.026" /><testcase classname="backend.tests.test_pipeline_iter14.TestSetPipelineStage" name="test_full_traversal_lead_sent_awaiting_replied_booked_lead" time="2.610" /><testcase classname="backend.tests.test_pipeline_iter14.TestSetPipelineStage" name="test_idempotent_sent_preserves_original_timestamp" time="2.730" /><testcase classname="backend.tests.test_pipeline_iter14.TestSetPipelineStage" name="test_invalid_stage_rejected" time="0.505" /><testcase classname="backend.tests.test_pipeline_iter14.TestSetPipelineStage" name="test_unknown_slug_throws" time="0.208" /></testsuite></testsuites>