<?xml version="1.0" encoding="utf-8"?><testsuites name="pytest tests"><testsuite name="pytest" errors="0" failures="0" skipped="0" tests="13" time="8.602" timestamp="2026-06-30T23:38:57.176416+00:00" hostname="agent-env-41e1256d-ed24-4a28-af90-ca00320ef25a"><testcase classname="backend.tests.test_ghost_questions.TestGhostQuestionShape" name="test_every_card_has_ghostQuestion_key" time="0.585" /><testcase classname="backend.tests.test_ghost_questions.TestGhostQuestionShape" name="test_non_null_ghostQuestion_shape" time="0.480" /><testcase classname="backend.tests.test_ghost_questions.TestGhostQuestionShape" name="test_coverage_at_least_70_percent" time="0.475" /><testcase classname="backend.tests.test_ghost_questions.TestGhostQuestionRouting" name="test_picks_match_stage_and_wine_type" time="0.438" /><testcase classname="backend.tests.test_ghost_questions.TestVesselStability" name="test_two_generateNow_calls_produce_same_picks" time="2.273" /><testcase classname="backend.tests.test_cellar_brief.TestCellarBriefLatest" name="test_latest_returns_200_and_structure" time="0.461" /><testcase classname="backend.tests.test_cellar_brief.TestCellarBriefLatest" name="test_latest_tank3_shiraz_is_attention_with_stuck_ferment" time="0.454" /><testcase classname="backend.tests.test_cellar_brief.TestCellarBriefLatest" name="test_latest_tank1_shiraz_is_primary_active" time="0.459" /><testcase classname="backend.tests.test_cellar_brief.TestCellarBriefLatest" name="test_latest_tank2_chardonnay_primary_active" time="0.435" /><testcase classname="backend.tests.test_cellar_brief.TestCellarBriefLatest" name="test_latest_tank4_pinot_noir_mlf_active" time="0.464" /><testcase classname="backend.tests.test_cellar_brief.TestCellarBriefLatest" name="test_latest_cards_sorted_attention_first" time="0.529" /><testcase classname="backend.tests.test_cellar_brief.TestGenerateNow" name="test_generate_now_manual_returns_id_and_summary" time="1.018" /><testcase classname="backend.tests.test_cellar_brief.TestHistory" name="test_history_limit_5" time="0.444" /></testsuite></testsuites>