<?xml version="1.0" encoding="utf-8"?><testsuites name="pytest tests"><testsuite name="pytest" errors="0" failures="0" skipped="0" tests="13" time="7.815" timestamp="2026-06-28T23:31:53.918051+00:00" hostname="agent-env-41e1256d-ed24-4a28-af90-ca00320ef25a"><testcase classname="backend.tests.test_new_features_iter13.TestLogConversion" name="test_returns_ok_and_suffixed_source" time="0.342" /><testcase classname="backend.tests.test_new_features_iter13.TestLogConversion" name="test_normalisation_lowercase_and_punctuation" time="0.215" /><testcase classname="backend.tests.test_new_features_iter13.TestLogConversion" name="test_zod_rejects_empty" time="0.103" /><testcase classname="backend.tests.test_new_features_iter13.TestLogConversion" name="test_zod_rejects_oversize" time="0.129" /><testcase classname="backend.tests.test_new_features_iter13.TestLogConversion" name="test_inserts_row_observable_via_funnelstats" time="1.497" /><testcase classname="backend.tests.test_new_features_iter13.TestFunnelStatsShape" name="test_totals_includes_conversions_and_pct_as_numbers" time="0.320" /><testcase classname="backend.tests.test_new_features_iter13.TestFunnelStatsShape" name="test_each_bysource_row_has_conversions_and_pct" time="0.337" /><testcase classname="backend.tests.test_new_features_iter13.TestFunnelStatsShape" name="test_increment_persists" time="1.298" /><testcase classname="backend.tests.test_new_features_iter13.TestLogViewRegression" name="test_logview_inserts_non_converted" time="0.844" /><testcase classname="backend.tests.test_new_features_iter13.TestBySlugCalendly" name="test_bySlug_returns_calendlyUrl_from_env_when_no_override" time="0.227" /><testcase classname="backend.tests.test_new_features_iter13.TestBySlugCalendly" name="test_bySlug_per_contact_override_wins" time="0.631" /><testcase classname="backend.tests.test_new_features_iter13.TestBySlugCalendly" name="test_bySlug_unknown_still_null" time="0.204" /><testcase classname="backend.tests.test_new_features_iter13.TestOutreachRegression" name="test_list_create_status_remove" time="1.587" /></testsuite></testsuites>