<?xml version="1.0" encoding="utf-8"?><testsuites name="pytest tests"><testsuite name="pytest" errors="0" failures="0" skipped="0" tests="7" time="25.476" timestamp="2026-06-28T02:11:21.823201+00:00" hostname="agent-env-41e1256d-ed24-4a28-af90-ca00320ef25a"><testcase classname="backend.tests.test_learning_loop.TestVintageLogList" name="test_list_returns_seeded_entries" time="0.214" /><testcase classname="backend.tests.test_learning_loop.TestTutorAskLearningLoop" name="test_tutor_ask_cites_personal_cellar_history" time="5.076" /><testcase classname="backend.tests.test_learning_loop.TestHomeWinemakerMode" name="test_home_winemaker_path_works_without_cellar_refs" time="4.200" /><testcase classname="backend.tests.test_learning_loop.TestCellarJournalSEO" name="test_sitemap_xml" time="0.106" /><testcase classname="backend.tests.test_learning_loop.TestCellarJournalSEO" name="test_rss_xml" time="0.110" /><testcase classname="backend.tests.test_learning_loop.TestFreeRunCuriosityAsk" name="test_curiosity_ask_no_cellar_refs" time="12.842" /><testcase classname="backend.tests.test_learning_loop.TestRegulationsRAG" name="test_so2_nsw_compliance" time="2.766" /></testsuite></testsuites>