<?xml version="1.0" encoding="utf-8"?><testsuites name="pytest tests"><testsuite name="pytest" errors="0" failures="0" skipped="0" tests="6" time="7.087" timestamp="2026-07-04T08:54:11.508738+00:00" hostname="agent-env-41e1256d-ed24-4a28-af90-ca00320ef25a"><testcase classname="backend.tests.test_voice_import.TestParseFromVoice" name="test_transcribes_and_structures" time="3.603" /><testcase classname="backend.tests.test_voice_import.TestParseFromVoice" name="test_empty_audio_rejected" time="0.369" /><testcase classname="backend.tests.test_voice_import.TestParseFromVoice" name="test_invalid_base64_rejected" time="0.822" /><testcase classname="backend.tests.test_voice_import.TestParseFromVoice" name="test_oversize_audio_rejected" time="1.284" /><testcase classname="backend.tests.test_voice_import.TestBulkSaveVoice" name="test_bulk_save_voice_source" time="0.605" /><testcase classname="backend.tests.test_voice_import.TestBulkSaveVoice" name="test_bulk_save_rejects_unknown_source" time="0.336" /></testsuite></testsuites>