<?xml version="1.0" encoding="utf-8"?><testsuites name="pytest tests"><testsuite name="pytest" errors="0" failures="0" skipped="0" tests="11" time="8.548" timestamp="2026-06-28T23:12:29.816314+00:00" hostname="agent-env-41e1256d-ed24-4a28-af90-ca00320ef25a"><testcase classname="backend.tests.test_outreach_crm.TestList" name="test_list_returns_at_least_31_contacts" time="0.271" /><testcase classname="backend.tests.test_outreach_crm.TestList" name="test_list_has_seeded_sales_and_warm_contacts" time="0.217" /><testcase classname="backend.tests.test_outreach_crm.TestSetStatus" name="test_set_status_valid_persists" time="1.139" /><testcase classname="backend.tests.test_outreach_crm.TestSetStatus" name="test_set_status_invalid_rejected" time="0.096" /><testcase classname="backend.tests.test_outreach_crm.TestSetStatus" name="test_set_status_each_allowed_value" time="1.132" /><testcase classname="backend.tests.test_outreach_crm.TestBySlug" name="test_by_slug_returns_public_fields" time="0.218" /><testcase classname="backend.tests.test_outreach_crm.TestBySlug" name="test_by_slug_unknown_returns_null" time="0.249" /><testcase classname="backend.tests.test_outreach_crm.TestMarkViewed" name="test_first_view_sets_first_viewed_at_then_no_change" time="2.491" /><testcase classname="backend.tests.test_outreach_crm.TestCreateWithStatus" name="test_create_with_warm_status" time="0.643" /><testcase classname="backend.tests.test_outreach_crm.TestCreateWithStatus" name="test_create_default_status_is_cold" time="0.641" /><testcase classname="backend.tests.test_outreach_crm.TestRegressionMutations" name="test_mark_sms_sent_mark_booked_remove" time="1.314" /></testsuite></testsuites>