<?xml version="1.0" encoding="utf-8"?><testsuites name="pytest tests"><testsuite name="pytest" errors="0" failures="0" skipped="0" tests="21" time="7.701" timestamp="2026-06-28T09:29:04.635775+00:00" hostname="agent-env-41e1256d-ed24-4a28-af90-ca00320ef25a"><testcase classname="backend.tests.test_conversion_funnel.TestLogView" name="test_log_view_known_source" time="0.282" /><testcase classname="backend.tests.test_conversion_funnel.TestLogView" name="test_log_view_normalisation_trim_and_lowercase" time="0.228" /><testcase classname="backend.tests.test_conversion_funnel.TestLogView" name="test_log_view_unknown_source_stored_as_is" time="0.532" /><testcase classname="backend.tests.test_conversion_funnel.TestLogView" name="test_log_view_non_alnum_replaced" time="0.203" /><testcase classname="backend.tests.test_conversion_funnel.TestLogView" name="test_log_view_zod_rejects_empty" time="0.098" /><testcase classname="backend.tests.test_conversion_funnel.TestLogView" name="test_log_view_zod_rejects_oversize" time="0.091" /><testcase classname="backend.tests.test_conversion_funnel.TestFunnelStats" name="test_shape_default_30_days" time="0.692" /><testcase classname="backend.tests.test_conversion_funnel.TestFunnelStats" name="test_daily_zero_fill_length_7" time="0.324" /><testcase classname="backend.tests.test_conversion_funnel.TestFunnelStats" name="test_daily_zero_fill_length_90" time="0.318" /><testcase classname="backend.tests.test_conversion_funnel.TestFunnelStats" name="test_daily_zero_fill_length_365" time="0.319" /><testcase classname="backend.tests.test_conversion_funnel.TestFunnelStats" name="test_out_of_range_zod_error" time="0.099" /><testcase classname="backend.tests.test_conversion_funnel.TestFunnelStats" name="test_order_desc_by_count" time="0.320" /><testcase classname="backend.tests.test_conversion_funnel.TestFunnelStats" name="test_share_pct_sums_to_100" time="0.320" /><testcase classname="backend.tests.test_conversion_funnel.TestFunnelStats" name="test_aggregation_correctness_seeded" time="0.325" /><testcase classname="backend.tests.test_conversion_funnel.TestRoundTrip" name="test_log_then_aggregate" time="2.792" /><testcase classname="backend.tests.test_conversion_funnel.TestRegressionSmoke" name="test_pages_render[/stats]" time="0.101" /><testcase classname="backend.tests.test_conversion_funnel.TestRegressionSmoke" name="test_pages_render[/tank-qr]" time="0.110" /><testcase classname="backend.tests.test_conversion_funnel.TestRegressionSmoke" name="test_pages_render[/the-press/compare]" time="0.099" /><testcase classname="backend.tests.test_conversion_funnel.TestRegressionSmoke" name="test_pages_render[/compliance]" time="0.107" /><testcase classname="backend.tests.test_conversion_funnel.TestRegressionSmoke" name="test_pages_render[/admin]" time="0.094" /><testcase classname="backend.tests.test_conversion_funnel.TestRegressionSmoke" name="test_admin_llm_stats_still_works" time="0.094" /></testsuite></testsuites>