<?xml version="1.0" encoding="utf-8"?><testsuites name="pytest tests"><testsuite name="pytest" errors="0" failures="0" skipped="0" tests="14" time="8.158" timestamp="2026-07-06T05:28:05.198634+00:00" hostname="agent-env-41e1256d-ed24-4a28-af90-ca00320ef25a"><testcase classname="backend.tests.test_smoke" name="test_health_probe_returns_200" time="0.108" /><testcase classname="backend.tests.test_smoke" name="test_deep_health_reports_all_integrations" time="0.203" /><testcase classname="backend.tests.test_smoke" name="test_gate_wrong_password_returns_401" time="0.088" /><testcase classname="backend.tests.test_smoke" name="test_gate_correct_password_sets_cookie" time="0.095" /><testcase classname="backend.tests.test_smoke" name="test_gate_status_reflects_cookie" time="0.145" /><testcase classname="backend.tests.test_smoke" name="test_trpc_quiz_stats_is_reachable" time="0.663" /><testcase classname="backend.tests.test_smoke" name="test_trpc_outreach_list_is_reachable" time="0.440" /><testcase classname="backend.tests.test_smoke" name="test_outreach_unactivated_cold_endpoint" time="0.441" /><testcase classname="backend.tests.test_smoke" name="test_quiz_log_pick_accepts_valid_payload" time="0.435" /><testcase classname="backend.tests.test_smoke" name="test_quiz_capture_lead_accepts_valid_payload" time="0.446" /><testcase classname="backend.tests.test_smoke" name="test_lip_audit_pdf_requires_auth" time="0.087" /><testcase classname="backend.tests.test_smoke" name="test_producers_stats_endpoint" time="0.655" /><testcase classname="backend.tests.test_smoke" name="test_producers_bulk_import_dedupes" time="0.445" /><testcase classname="backend.tests.test_smoke" name="test_tutor_sandbox_ask_returns_grounded_answer" time="3.835" /></testsuite></testsuites>